2023-03-01 12:53:46.975  INFO 5948 --- [restartedMain] c.p.f.FlightReservationsApplication      : Starting FlightReservationsApplication using Java 17.0.4 on DESKTOP-GD7I640 with PID 5948 (H:\pnkj coding software\recording of java\spring\spring boot\spring programs\FlightReservations\target\classes started by shree in H:\pnkj coding software\recording of java\spring\spring boot\spring programs\FlightReservations)
2023-03-01 12:53:46.980  INFO 5948 --- [restartedMain] c.p.f.FlightReservationsApplication      : No active profile set, falling back to 1 default profile: "default"
2023-03-01 12:53:47.494  INFO 5948 --- [restartedMain] .e.DevToolsPropertyDefaultsPostProcessor : Devtools property defaults active! Set 'spring.devtools.add-properties' to 'false' to disable
2023-03-01 12:53:47.749  INFO 5948 --- [restartedMain] .e.DevToolsPropertyDefaultsPostProcessor : For additional web related logging consider setting the 'logging.level.web' property to 'DEBUG'
2023-03-01 12:53:55.825  INFO 5948 --- [restartedMain] .s.d.r.c.RepositoryConfigurationDelegate : Bootstrapping Spring Data JPA repositories in DEFAULT mode.
2023-03-01 12:53:55.969  INFO 5948 --- [restartedMain] .s.d.r.c.RepositoryConfigurationDelegate : Finished Spring Data repository scanning in 103 ms. Found 5 JPA repository interfaces.
2023-03-01 12:53:59.028  INFO 5948 --- [restartedMain] o.s.b.w.embedded.tomcat.TomcatWebServer  : Tomcat initialized with port(s): 8080 (http)
2023-03-01 12:53:59.100  INFO 5948 --- [restartedMain] o.apache.catalina.core.StandardService   : Starting service [Tomcat]
2023-03-01 12:53:59.103  INFO 5948 --- [restartedMain] org.apache.catalina.core.StandardEngine  : Starting Servlet engine: [Apache Tomcat/9.0.65]
2023-03-01 12:53:59.355  INFO 5948 --- [restartedMain] o.a.c.c.C.[Tomcat].[localhost].[/]       : Initializing Spring embedded WebApplicationContext
2023-03-01 12:53:59.356  INFO 5948 --- [restartedMain] w.s.c.ServletWebServerApplicationContext : Root WebApplicationContext: initialization completed in 11561 ms
2023-03-01 12:54:00.569  INFO 5948 --- [restartedMain] o.hibernate.jpa.internal.util.LogHelper  : HHH000204: Processing PersistenceUnitInfo [name: default]
2023-03-01 12:54:01.187  INFO 5948 --- [restartedMain] org.hibernate.Version                    : HHH000412: Hibernate ORM core version 5.6.11.Final
2023-03-01 12:54:02.582  INFO 5948 --- [restartedMain] o.hibernate.annotations.common.Version   : HCANN000001: Hibernate Commons Annotations {5.1.2.Final}
2023-03-01 12:54:04.133  INFO 5948 --- [restartedMain] com.zaxxer.hikari.HikariDataSource       : reservation - Starting...
2023-03-01 12:54:11.492  INFO 5948 --- [restartedMain] com.zaxxer.hikari.HikariDataSource       : reservation - Start completed.
2023-03-01 12:54:11.867  INFO 5948 --- [restartedMain] org.hibernate.dialect.Dialect            : HHH000400: Using dialect: org.hibernate.dialect.MySQL8Dialect
2023-03-01 12:54:22.005  INFO 5948 --- [restartedMain] o.h.e.t.j.p.i.JtaPlatformInitiator       : HHH000490: Using JtaPlatform implementation: [org.hibernate.engine.transaction.jta.platform.internal.NoJtaPlatform]
2023-03-01 12:54:22.032  INFO 5948 --- [restartedMain] j.LocalContainerEntityManagerFactoryBean : Initialized JPA EntityManagerFactory for persistence unit 'default'
2023-03-01 12:54:22.060  INFO 5948 --- [restartedMain] f.a.AutowiredAnnotationBeanPostProcessor : Autowired annotation is not supported on static fields: private static final org.slf4j.Logger com.pankajcreation.flightreservation.controllers.Flightcontroller.logger
2023-03-01 12:54:24.493  INFO 5948 --- [restartedMain] f.a.AutowiredAnnotationBeanPostProcessor : Autowired annotation is not supported on static fields: private static final org.slf4j.Logger com.pankajcreation.flightreservation.controllers.Reservationcontroller.logger
2023-03-01 12:54:24.497  INFO 5948 --- [restartedMain] f.a.AutowiredAnnotationBeanPostProcessor : Autowired annotation is not supported on static fields: private static final org.slf4j.Logger com.pankajcreation.flightreservation.services.Reservationserviceimpl.logger
2023-03-01 12:54:24.933  INFO 5948 --- [restartedMain] f.a.AutowiredAnnotationBeanPostProcessor : Autowired annotation is not supported on static fields: private static final org.slf4j.Logger com.pankajcreation.flightreservation.utilmail.Pdfgenerator.logger
2023-03-01 12:54:24.939  INFO 5948 --- [restartedMain] f.a.AutowiredAnnotationBeanPostProcessor : Autowired annotation is not supported on static fields: private static final org.slf4j.Logger com.pankajcreation.flightreservation.utilmail.Emailutilsendingconfig.logger
2023-03-01 12:54:25.130  INFO 5948 --- [restartedMain] f.a.AutowiredAnnotationBeanPostProcessor : Autowired annotation is not supported on static fields: private static final org.slf4j.Logger com.pankajcreation.flightreservation.controllers.Reservationrestcontroller.logger
2023-03-01 12:54:25.306  WARN 5948 --- [restartedMain] JpaBaseConfiguration$JpaWebConfiguration : spring.jpa.open-in-view is enabled by default. Therefore, database queries may be performed during view rendering. Explicitly configure spring.jpa.open-in-view to disable this warning
2023-03-01 12:54:26.760  INFO 5948 --- [restartedMain] o.s.s.web.DefaultSecurityFilterChain     : Will secure any request with [org.springframework.security.web.session.DisableEncodeUrlFilter@3ff0f3df, org.springframework.security.web.context.request.async.WebAsyncManagerIntegrationFilter@5323c2bb, org.springframework.security.web.context.SecurityContextPersistenceFilter@43d1a12f, org.springframework.security.web.header.HeaderWriterFilter@44d0c659, org.springframework.security.web.authentication.logout.LogoutFilter@73fc328, org.springframework.security.web.savedrequest.RequestCacheAwareFilter@4bd5a78d, org.springframework.security.web.servletapi.SecurityContextHolderAwareRequestFilter@56ecbac2, org.springframework.security.web.authentication.AnonymousAuthenticationFilter@547d0cde, org.springframework.security.web.session.SessionManagementFilter@36d4802b, org.springframework.security.web.access.ExceptionTranslationFilter@58c694, org.springframework.security.web.access.intercept.FilterSecurityInterceptor@29ade742]
2023-03-01 12:54:27.122  INFO 5948 --- [restartedMain] o.s.b.a.w.s.WelcomePageHandlerMapping    : Adding welcome page template: index
2023-03-01 12:54:28.330  INFO 5948 --- [restartedMain] o.s.b.d.a.OptionalLiveReloadServer       : LiveReload server is running on port 35729
2023-03-01 12:54:29.733  INFO 5948 --- [restartedMain] o.s.b.w.embedded.tomcat.TomcatWebServer  : Tomcat started on port(s): 8080 (http) with context path ''
2023-03-01 12:54:29.749  INFO 5948 --- [restartedMain] c.p.f.FlightReservationsApplication      : Started FlightReservationsApplication in 44.217 seconds (JVM running for 59.956)
2023-03-01 12:55:37.944  INFO 5948 --- [http-nio-8080-exec-1] o.a.c.c.C.[Tomcat].[localhost].[/]       : Initializing Spring DispatcherServlet 'dispatcherServlet'
2023-03-01 12:55:37.945  INFO 5948 --- [http-nio-8080-exec-1] o.s.web.servlet.DispatcherServlet        : Initializing Servlet 'dispatcherServlet'
2023-03-01 12:55:37.946  INFO 5948 --- [http-nio-8080-exec-1] o.s.web.servlet.DispatcherServlet        : Completed initialization in 1 ms
2023-03-01 15:40:26.950  INFO 5948 --- [RMI TCP Connection(172)-127.0.0.1] inMXBeanRegistrar$SpringApplicationAdmin : Application shutdown requested.
2023-03-01 15:40:27.262  INFO 5948 --- [RMI TCP Connection(172)-127.0.0.1] o.apache.catalina.core.StandardService   : Stopping service [Tomcat]
2023-03-01 15:40:27.381  INFO 5948 --- [RMI TCP Connection(172)-127.0.0.1] o.a.c.c.C.[Tomcat].[localhost].[/]       : Destroying Spring FrameworkServlet 'dispatcherServlet'
2023-03-01 15:40:27.768  INFO 5948 --- [RMI TCP Connection(172)-127.0.0.1] j.LocalContainerEntityManagerFactoryBean : Closing JPA EntityManagerFactory for persistence unit 'default'
2023-03-01 15:40:27.816  INFO 5948 --- [RMI TCP Connection(172)-127.0.0.1] com.zaxxer.hikari.HikariDataSource       : reservation - Shutdown initiated...
2023-03-01 15:40:27.993  INFO 5948 --- [RMI TCP Connection(172)-127.0.0.1] com.zaxxer.hikari.HikariDataSource       : reservation - Shutdown completed.
